2026-04-14 10:43:55.957 +08:00 [INF] User profile is available. Using 'C:\Users\86139\AppData\Local\ASP.NET\DataProtection-Keys' as key repository and Windows DPAPI to encrypt keys at rest.
2026-04-14 10:43:56.308 +08:00 [INF] Now listening on: https://localhost:5001
2026-04-14 10:43:56.311 +08:00 [INF] Now listening on: http://localhost:5000
2026-04-14 10:43:56.362 +08:00 [INF] Application started. Press Ctrl+C to shut down.
2026-04-14 10:43:56.364 +08:00 [INF] Hosting environment: Development
2026-04-14 10:43:56.366 +08:00 [INF] Content root path: E:\MES项目\MES\MES.Api
2026-04-14 10:43:56.968 +08:00 [INF] Request starting HTTP/2 GET https://localhost:5001/swagger - null null
2026-04-14 10:43:57.143 +08:00 [INF] Request finished HTTP/2 GET https://localhost:5001/swagger - 301 0 null 180.8986ms
2026-04-14 10:43:57.151 +08:00 [INF] Request starting HTTP/2 GET https://localhost:5001/swagger/index.html - null null
2026-04-14 10:43:57.206 +08:00 [INF] Request finished HTTP/2 GET https://localhost:5001/swagger/index.html - 200 null text/html;charset=utf-8 54.8183ms
2026-04-14 10:43:57.227 +08:00 [INF] Request starting HTTP/2 GET https://localhost:5001/swagger/swagger-ui.css - null null
2026-04-14 10:43:57.227 +08:00 [INF] Request starting HTTP/2 GET https://localhost:5001/swagger/swagger-ui-bundle.js - null null
2026-04-14 10:43:57.227 +08:00 [INF] Request starting HTTP/2 GET https://localhost:5001/_framework/aspnetcore-browser-refresh.js - null null
2026-04-14 10:43:57.228 +08:00 [INF] Request starting HTTP/2 GET https://localhost:5001/_vs/browserLink - null null
2026-04-14 10:43:57.227 +08:00 [INF] Request starting HTTP/2 GET https://localhost:5001/swagger/swagger-ui-standalone-preset.js - null null
2026-04-14 10:43:57.266 +08:00 [INF] Request finished HTTP/2 GET https://localhost:5001/_framework/aspnetcore-browser-refresh.js - 200 16499 application/javascript; charset=utf-8 39.1737ms
2026-04-14 10:43:57.305 +08:00 [INF] Sending file. Request path: '/swagger-ui.css'. Physical path: 'N/A'
2026-04-14 10:43:57.307 +08:00 [INF] Sending file. Request path: '/swagger-ui-standalone-preset.js'. Physical path: 'N/A'
2026-04-14 10:43:57.313 +08:00 [INF] Request finished HTTP/2 GET https://localhost:5001/swagger/swagger-ui.css - 200 144929 text/css 86.67ms
2026-04-14 10:43:57.315 +08:00 [INF] Request finished HTTP/2 GET https://localhost:5001/swagger/swagger-ui-standalone-preset.js - 200 312163 text/javascript 88.1333ms
2026-04-14 10:43:57.333 +08:00 [INF] Sending file. Request path: '/swagger-ui-bundle.js'. Physical path: 'N/A'
2026-04-14 10:43:57.337 +08:00 [INF] Request finished HTTP/2 GET https://localhost:5001/swagger/swagger-ui-bundle.js - 200 1061536 text/javascript 110.0053ms
2026-04-14 10:43:57.361 +08:00 [INF] Request finished HTTP/2 GET https://localhost:5001/_vs/browserLink - 200 null text/javascript; charset=UTF-8 133.6515ms
2026-04-14 10:43:57.477 +08:00 [INF] Request starting HTTP/2 GET https://localhost:5001/swagger/v1/swagger.json - null null
2026-04-14 10:43:57.493 +08:00 [INF] Request finished HTTP/2 GET https://localhost:5001/swagger/v1/swagger.json - 200 null application/json;charset=utf-8 16.6286ms
2026-04-14 10:43:57.496 +08:00 [INF] Request starting HTTP/2 GET https://localhost:5001/swagger/favicon-32x32.png - null null
2026-04-14 10:43:57.504 +08:00 [INF] Sending file. Request path: '/favicon-32x32.png'. Physical path: 'N/A'
2026-04-14 10:43:57.509 +08:00 [INF] Request finished HTTP/2 GET https://localhost:5001/swagger/favicon-32x32.png - 200 628 image/png 12.5517ms
2026-04-14 10:46:31.476 +08:00 [INF] Request starting HTTP/2 POST https://localhost:5001/api/Auth/login - application/json 63
2026-04-14 10:46:31.493 +08:00 [INF] CORS policy execution failed.
2026-04-14 10:46:31.495 +08:00 [INF] Request origin https://localhost:5001 does not have permission to access the resource.
2026-04-14 10:46:32.603 +08:00 [INF] Executing endpoint 'MES.Api.Controllers.AuthController.Login (MES.Api)'
2026-04-14 10:46:32.627 +08:00 [INF] Route matched with {action = "Login", controller = "Auth"}. Executing controller action with signature System.Threading.Tasks.Task`1[Microsoft.AspNetCore.Mvc.ActionResult`1[MES.Common.DTOs.ApiResponse`1[MES.Common.DTOs.LoginResponse]]] Login(MES.Common.DTOs.LoginRequest) on controller MES.Api.Controllers.AuthController (MES.Api).
2026-04-14 10:46:35.637 +08:00 [INF] Executed DbCommand (779ms) [Parameters=[@__normalizedUserName_0='?' (Size = 256)], CommandType='"Text"', CommandTimeout='30']
SELECT TOP(1) [a].[Id], [a].[AccessFailedCount], [a].[ConcurrencyStamp], [a].[Email], [a].[EmailConfirmed], [a].[LockoutEnabled], [a].[LockoutEnd], [a].[NormalizedEmail], [a].[NormalizedUserName], [a].[PasswordHash], [a].[PhoneNumber], [a].[PhoneNumberConfirmed], [a].[SecurityStamp], [a].[TwoFactorEnabled], [a].[UserName]
FROM [AspNetUsers] AS [a]
WHERE [a].[NormalizedUserName] = @__normalizedUserName_0
2026-04-14 10:46:35.982 +08:00 [INF] Executed DbCommand (47ms) [Parameters=[@__userId_0='?' (Size = 450)], CommandType='"Text"', CommandTimeout='30']
SELECT [a0].[Name]
FROM [AspNetUserRoles] AS [a]
INNER JOIN [AspNetRoles] AS [a0] ON [a].[RoleId] = [a0].[Id]
WHERE [a].[UserId] = @__userId_0
2026-04-14 10:46:36.062 +08:00 [INF] Executing OkObjectResult, writing value of type 'MES.Common.DTOs.ApiResponse`1[[MES.Common.DTOs.LoginResponse, MES.Common, Version=1.0.0.0, Culture=neutral, PublicKeyToken=null]]'.
2026-04-14 10:46:36.082 +08:00 [INF] Executed action MES.Api.Controllers.AuthController.Login (MES.Api) in 3446.9756ms
2026-04-14 10:46:36.084 +08:00 [INF] Executed endpoint 'MES.Api.Controllers.AuthController.Login (MES.Api)'
2026-04-14 10:46:36.095 +08:00 [INF] Request finished HTTP/2 POST https://localhost:5001/api/Auth/login - 200 null application/json; charset=utf-8 4619.0623ms
2026-04-14 11:05:14.410 +08:00 [INF] Request starting HTTP/2 POST https://localhost:5001/api/Auth/refresh - application/json 68
2026-04-14 11:05:14.430 +08:00 [INF] CORS policy execution failed.
2026-04-14 11:05:14.432 +08:00 [INF] Request origin https://localhost:5001 does not have permission to access the resource.
2026-04-14 11:05:14.434 +08:00 [INF] Executing endpoint 'MES.Api.Controllers.AuthController.Refresh (MES.Api)'
2026-04-14 11:05:14.440 +08:00 [INF] Route matched with {action = "Refresh", controller = "Auth"}. Executing controller action with signature System.Threading.Tasks.Task`1[Microsoft.AspNetCore.Mvc.ActionResult`1[MES.Common.DTOs.ApiResponse`1[MES.Common.DTOs.LoginResponse]]] Refresh(MES.Common.DTOs.RefreshTokenRequest) on controller MES.Api.Controllers.AuthController (MES.Api).
2026-04-14 11:05:14.625 +08:00 [INF] Executed DbCommand (30ms) [Parameters=[@__p_0='?' (Size = 450)], CommandType='"Text"', CommandTimeout='30']
SELECT TOP(1) [a].[Id], [a].[AccessFailedCount], [a].[ConcurrencyStamp], [a].[Email], [a].[EmailConfirmed], [a].[LockoutEnabled], [a].[LockoutEnd], [a].[NormalizedEmail], [a].[NormalizedUserName], [a].[PasswordHash], [a].[PhoneNumber], [a].[PhoneNumberConfirmed], [a].[SecurityStamp], [a].[TwoFactorEnabled], [a].[UserName]
FROM [AspNetUsers] AS [a]
WHERE [a].[Id] = @__p_0
2026-04-14 11:05:14.652 +08:00 [INF] Executed DbCommand (19ms) [Parameters=[@__userId_0='?' (Size = 450)], CommandType='"Text"', CommandTimeout='30']
SELECT [a0].[Name]
FROM [AspNetUserRoles] AS [a]
INNER JOIN [AspNetRoles] AS [a0] ON [a].[RoleId] = [a0].[Id]
WHERE [a].[UserId] = @__userId_0
2026-04-14 11:05:14.658 +08:00 [INF] Executing OkObjectResult, writing value of type 'MES.Common.DTOs.ApiResponse`1[[MES.Common.DTOs.LoginResponse, MES.Common, Version=1.0.0.0, Culture=neutral, PublicKeyToken=null]]'.
2026-04-14 11:05:14.662 +08:00 [INF] Executed action MES.Api.Controllers.AuthController.Refresh (MES.Api) in 218.9313ms
2026-04-14 11:05:14.665 +08:00 [INF] Executed endpoint 'MES.Api.Controllers.AuthController.Refresh (MES.Api)'
2026-04-14 11:05:14.666 +08:00 [INF] Request finished HTTP/2 POST https://localhost:5001/api/Auth/refresh - 200 null application/json; charset=utf-8 261.1648ms
2026-04-14 11:05:58.964 +08:00 [INF] Request starting HTTP/2 POST https://localhost:5001/api/Auth/logout - null 0
2026-04-14 11:05:58.979 +08:00 [INF] CORS policy execution failed.
2026-04-14 11:05:58.982 +08:00 [INF] Request origin https://localhost:5001 does not have permission to access the resource.
2026-04-14 11:05:58.993 +08:00 [INF] Authorization failed. These requirements were not met:
DenyAnonymousAuthorizationRequirement: Requires an authenticated user.
2026-04-14 11:05:58.998 +08:00 [INF] AuthenticationScheme: Bearer was challenged.
2026-04-14 11:05:59.000 +08:00 [INF] Request finished HTTP/2 POST https://localhost:5001/api/Auth/logout - 401 0 null 37.6008ms
2026-04-14 11:06:22.339 +08:00 [INF] Request starting HTTP/2 GET https://localhost:5001/api/Auth/test - null null
2026-04-14 11:06:22.349 +08:00 [INF] Authorization failed. These requirements were not met:
DenyAnonymousAuthorizationRequirement: Requires an authenticated user.
2026-04-14 11:06:22.350 +08:00 [INF] AuthenticationScheme: Bearer was challenged.
2026-04-14 11:06:22.351 +08:00 [INF] Request finished HTTP/2 GET https://localhost:5001/api/Auth/test - 401 0 null 12.5093ms
2026-04-14 11:10:03.308 +08:00 [INF] Request starting HTTP/2 POST https://localhost:5001/api/Auth/register - application/json 123
2026-04-14 11:10:03.321 +08:00 [INF] CORS policy execution failed.
2026-04-14 11:10:03.323 +08:00 [INF] Request origin https://localhost:5001 does not have permission to access the resource.
2026-04-14 11:10:03.325 +08:00 [INF] Executing endpoint 'MES.Api.Controllers.AuthController.Register (MES.Api)'
2026-04-14 11:10:03.330 +08:00 [INF] Route matched with {action = "Register", controller = "Auth"}. Executing controller action with signature System.Threading.Tasks.Task`1[Microsoft.AspNetCore.Mvc.ActionResult`1[MES.Common.DTOs.ApiResponse`1[MES.Common.DTOs.LoginResponse]]] Register(MES.Common.DTOs.RegisterRequest) on controller MES.Api.Controllers.AuthController (MES.Api).
2026-04-14 11:10:03.393 +08:00 [INF] Executed DbCommand (24ms) [Parameters=[@__normalizedEmail_0='?' (Size = 256)], CommandType='"Text"', CommandTimeout='30']
SELECT TOP(2) [a].[Id], [a].[AccessFailedCount], [a].[ConcurrencyStamp], [a].[Email], [a].[EmailConfirmed], [a].[LockoutEnabled], [a].[LockoutEnd], [a].[NormalizedEmail], [a].[NormalizedUserName], [a].[PasswordHash], [a].[PhoneNumber], [a].[PhoneNumberConfirmed], [a].[SecurityStamp], [a].[TwoFactorEnabled], [a].[UserName]
FROM [AspNetUsers] AS [a]
WHERE [a].[NormalizedEmail] = @__normalizedEmail_0
2026-04-14 11:10:03.404 +08:00 [INF] Executing BadRequestObjectResult, writing value of type 'MES.Common.DTOs.ApiResponse`1[[MES.Common.DTOs.LoginResponse, MES.Common, Version=1.0.0.0, Culture=neutral, PublicKeyToken=null]]'.
2026-04-14 11:10:03.408 +08:00 [INF] Executed action MES.Api.Controllers.AuthController.Register (MES.Api) in 76.4096ms
2026-04-14 11:10:03.418 +08:00 [INF] Executed endpoint 'MES.Api.Controllers.AuthController.Register (MES.Api)'
2026-04-14 11:10:03.421 +08:00 [INF] Request finished HTTP/2 POST https://localhost:5001/api/Auth/register - 400 null application/json; charset=utf-8 112.7308ms
2026-04-14 11:11:10.824 +08:00 [INF] Request starting HTTP/2 POST https://localhost:5001/api/Auth/register - application/json 123
2026-04-14 11:11:10.842 +08:00 [INF] CORS policy execution failed.
2026-04-14 11:11:10.845 +08:00 [INF] Request origin https://localhost:5001 does not have permission to access the resource.
2026-04-14 11:11:10.847 +08:00 [INF] Executing endpoint 'MES.Api.Controllers.AuthController.Register (MES.Api)'
2026-04-14 11:11:10.849 +08:00 [INF] Route matched with {action = "Register", controller = "Auth"}. Executing controller action with signature System.Threading.Tasks.Task`1[Microsoft.AspNetCore.Mvc.ActionResult`1[MES.Common.DTOs.ApiResponse`1[MES.Common.DTOs.LoginResponse]]] Register(MES.Common.DTOs.RegisterRequest) on controller MES.Api.Controllers.AuthController (MES.Api).
2026-04-14 11:11:10.875 +08:00 [INF] Executed DbCommand (19ms) [Parameters=[@__normalizedEmail_0='?' (Size = 256)], CommandType='"Text"', CommandTimeout='30']
SELECT TOP(2) [a].[Id], [a].[AccessFailedCount], [a].[ConcurrencyStamp], [a].[Email], [a].[EmailConfirmed], [a].[LockoutEnabled], [a].[LockoutEnd], [a].[NormalizedEmail], [a].[NormalizedUserName], [a].[PasswordHash], [a].[PhoneNumber], [a].[PhoneNumberConfirmed], [a].[SecurityStamp], [a].[TwoFactorEnabled], [a].[UserName]
FROM [AspNetUsers] AS [a]
WHERE [a].[NormalizedEmail] = @__normalizedEmail_0
2026-04-14 11:11:10.969 +08:00 [INF] Executed DbCommand (19ms) [Parameters=[@__normalizedUserName_0='?' (Size = 256)], CommandType='"Text"', CommandTimeout='30']
SELECT TOP(1) [a].[Id], [a].[AccessFailedCount], [a].[ConcurrencyStamp], [a].[Email], [a].[EmailConfirmed], [a].[LockoutEnabled], [a].[LockoutEnd], [a].[NormalizedEmail], [a].[NormalizedUserName], [a].[PasswordHash], [a].[PhoneNumber], [a].[PhoneNumberConfirmed], [a].[SecurityStamp], [a].[TwoFactorEnabled], [a].[UserName]
FROM [AspNetUsers] AS [a]
WHERE [a].[NormalizedUserName] = @__normalizedUserName_0
2026-04-14 11:11:10.995 +08:00 [INF] Executed DbCommand (16ms) [Parameters=[@__normalizedEmail_0='?' (Size = 256)], CommandType='"Text"', CommandTimeout='30']
SELECT TOP(2) [a].[Id], [a].[AccessFailedCount], [a].[ConcurrencyStamp], [a].[Email], [a].[EmailConfirmed], [a].[LockoutEnabled], [a].[LockoutEnd], [a].[NormalizedEmail], [a].[NormalizedUserName], [a].[PasswordHash], [a].[PhoneNumber], [a].[PhoneNumberConfirmed], [a].[SecurityStamp], [a].[TwoFactorEnabled], [a].[UserName]
FROM [AspNetUsers] AS [a]
WHERE [a].[NormalizedEmail] = @__normalizedEmail_0
2026-04-14 11:11:11.233 +08:00 [INF] Executed DbCommand (133ms) [Parameters=[@p0='?' (Size = 450), @p1='?' (DbType = Int32), @p2='?' (Size = 4000), @p3='?' (Size = 256), @p4='?' (DbType = Boolean), @p5='?' (DbType = Boolean), @p6='?' (DbType = DateTimeOffset), @p7='?' (Size = 256), @p8='?' (Size = 256), @p9='?' (Size = 4000), @p10='?' (Size = 4000), @p11='?' (DbType = Boolean), @p12='?' (Size = 4000), @p13='?' (DbType = Boolean), @p14='?' (Size = 256)], CommandType='"Text"', CommandTimeout='30']
SET IMPLICIT_TRANSACTIONS OFF;
SET NOCOUNT ON;
INSERT INTO [AspNetUsers] ([Id], [AccessFailedCount], [ConcurrencyStamp], [Email], [EmailConfirmed], [LockoutEnabled], [LockoutEnd], [NormalizedEmail], [NormalizedUserName], [PasswordHash], [PhoneNumber], [PhoneNumberConfirmed], [SecurityStamp], [TwoFactorEnabled], [UserName])
VALUES (@p0, @p1, @p2, @p3, @p4, @p5, @p6, @p7, @p8, @p9, @p10, @p11, @p12, @p13, @p14);
2026-04-14 11:11:11.290 +08:00 [INF] Executed DbCommand (23ms) [Parameters=[@__normalizedName_0='?' (Size = 256)], CommandType='"Text"', CommandTimeout='30']
SELECT TOP(1) [a].[Id], [a].[ConcurrencyStamp], [a].[Name], [a].[NormalizedName]
FROM [AspNetRoles] AS [a]
WHERE [a].[NormalizedName] = @__normalizedName_0
2026-04-14 11:11:11.328 +08:00 [INF] Executed DbCommand (19ms) [Parameters=[@__normalizedRoleName_0='?' (Size = 256)], CommandType='"Text"', CommandTimeout='30']
SELECT TOP(2) [a].[Id], [a].[ConcurrencyStamp], [a].[Name], [a].[NormalizedName]
FROM [AspNetRoles] AS [a]
WHERE [a].[NormalizedName] = @__normalizedRoleName_0
2026-04-14 11:11:11.359 +08:00 [INF] Executed DbCommand (21ms) [Parameters=[@__p_0='?' (Size = 450), @__p_1='?' (Size = 450)], CommandType='"Text"', CommandTimeout='30']
SELECT TOP(1) [a].[UserId], [a].[RoleId]
FROM [AspNetUserRoles] AS [a]
WHERE [a].[UserId] = @__p_0 AND [a].[RoleId] = @__p_1
2026-04-14 11:11:11.384 +08:00 [INF] Executed DbCommand (17ms) [Parameters=[@__normalizedRoleName_0='?' (Size = 256)], CommandType='"Text"', CommandTimeout='30']
SELECT TOP(2) [a].[Id], [a].[ConcurrencyStamp], [a].[Name], [a].[NormalizedName]
FROM [AspNetRoles] AS [a]
WHERE [a].[NormalizedName] = @__normalizedRoleName_0
2026-04-14 11:11:11.415 +08:00 [INF] Executed DbCommand (17ms) [Parameters=[@__normalizedUserName_0='?' (Size = 256)], CommandType='"Text"', CommandTimeout='30']
SELECT TOP(1) [a].[Id], [a].[AccessFailedCount], [a].[ConcurrencyStamp], [a].[Email], [a].[EmailConfirmed], [a].[LockoutEnabled], [a].[LockoutEnd], [a].[NormalizedEmail], [a].[NormalizedUserName], [a].[PasswordHash], [a].[PhoneNumber], [a].[PhoneNumberConfirmed], [a].[SecurityStamp], [a].[TwoFactorEnabled], [a].[UserName]
FROM [AspNetUsers] AS [a]
WHERE [a].[NormalizedUserName] = @__normalizedUserName_0
2026-04-14 11:11:11.438 +08:00 [INF] Executed DbCommand (17ms) [Parameters=[@__normalizedEmail_0='?' (Size = 256)], CommandType='"Text"', CommandTimeout='30']
SELECT TOP(2) [a].[Id], [a].[AccessFailedCount], [a].[ConcurrencyStamp], [a].[Email], [a].[EmailConfirmed], [a].[LockoutEnabled], [a].[LockoutEnd], [a].[NormalizedEmail], [a].[NormalizedUserName], [a].[PasswordHash], [a].[PhoneNumber], [a].[PhoneNumberConfirmed], [a].[SecurityStamp], [a].[TwoFactorEnabled], [a].[UserName]
FROM [AspNetUsers] AS [a]
WHERE [a].[NormalizedEmail] = @__normalizedEmail_0
2026-04-14 11:11:11.689 +08:00 [INF] Executed DbCommand (183ms) [Parameters=[@p0='?' (Size = 450), @p1='?' (Size = 450), @p16='?' (Size = 450), @p2='?' (DbType = Int32), @p3='?' (Size = 4000), @p17='?' (Size = 4000), @p4='?' (Size = 256), @p5='?' (DbType = Boolean), @p6='?' (DbType = Boolean), @p7='?' (DbType = DateTimeOffset), @p8='?' (Size = 256), @p9='?' (Size = 256), @p10='?' (Size = 4000), @p11='?' (Size = 4000), @p12='?' (DbType = Boolean), @p13='?' (Size = 4000), @p14='?' (DbType = Boolean), @p15='?' (Size = 256)], CommandType='"Text"', CommandTimeout='30']
SET NOCOUNT ON;
INSERT INTO [AspNetUserRoles] ([RoleId], [UserId])
VALUES (@p0, @p1);
UPDATE [AspNetUsers] SET [AccessFailedCount] = @p2, [ConcurrencyStamp] = @p3, [Email] = @p4, [EmailConfirmed] = @p5, [LockoutEnabled] = @p6, [LockoutEnd] = @p7, [NormalizedEmail] = @p8, [NormalizedUserName] = @p9, [PasswordHash] = @p10, [PhoneNumber] = @p11, [PhoneNumberConfirmed] = @p12, [SecurityStamp] = @p13, [TwoFactorEnabled] = @p14, [UserName] = @p15
OUTPUT 1
WHERE [Id] = @p16 AND [ConcurrencyStamp] = @p17;
2026-04-14 11:11:11.761 +08:00 [INF] 用户注册成功: user1@mes.com
2026-04-14 11:11:11.821 +08:00 [INF] Executed DbCommand (57ms) [Parameters=[@__normalizedUserName_0='?' (Size = 256)], CommandType='"Text"', CommandTimeout='30']
SELECT TOP(1) [a].[Id], [a].[AccessFailedCount], [a].[ConcurrencyStamp], [a].[Email], [a].[EmailConfirmed], [a].[LockoutEnabled], [a].[LockoutEnd], [a].[NormalizedEmail], [a].[NormalizedUserName], [a].[PasswordHash], [a].[PhoneNumber], [a].[PhoneNumberConfirmed], [a].[SecurityStamp], [a].[TwoFactorEnabled], [a].[UserName]
FROM [AspNetUsers] AS [a]
WHERE [a].[NormalizedUserName] = @__normalizedUserName_0
2026-04-14 11:11:11.936 +08:00 [INF] Executed DbCommand (23ms) [Parameters=[@__userId_0='?' (Size = 450)], CommandType='"Text"', CommandTimeout='30']
SELECT [a0].[Name]
FROM [AspNetUserRoles] AS [a]
INNER JOIN [AspNetRoles] AS [a0] ON [a].[RoleId] = [a0].[Id]
WHERE [a].[UserId] = @__userId_0
2026-04-14 11:11:11.941 +08:00 [INF] Executing OkObjectResult, writing value of type 'MES.Common.DTOs.ApiResponse`1[[MES.Common.DTOs.LoginResponse, MES.Common, Version=1.0.0.0, Culture=neutral, PublicKeyToken=null]]'.
2026-04-14 11:11:11.944 +08:00 [INF] Executed action MES.Api.Controllers.AuthController.Register (MES.Api) in 1091.0966ms
2026-04-14 11:11:11.953 +08:00 [INF] Executed endpoint 'MES.Api.Controllers.AuthController.Register (MES.Api)'
2026-04-14 11:11:11.954 +08:00 [INF] Request finished HTTP/2 POST https://localhost:5001/api/Auth/register - 200 null application/json; charset=utf-8 1130.4476ms
2026-04-14 11:22:44.691 +08:00 [INF] Request starting HTTP/2 POST https://localhost:5001/api/Auth/login - application/json 63
2026-04-14 11:22:44.705 +08:00 [INF] CORS policy execution failed.
2026-04-14 11:22:44.706 +08:00 [INF] Request origin https://localhost:5001 does not have permission to access the resource.
2026-04-14 11:22:44.710 +08:00 [INF] Executing endpoint 'MES.Api.Controllers.AuthController.Login (MES.Api)'
2026-04-14 11:22:44.711 +08:00 [INF] Route matched with {action = "Login", controller = "Auth"}. Executing controller action with signature System.Threading.Tasks.Task`1[Microsoft.AspNetCore.Mvc.ActionResult`1[MES.Common.DTOs.ApiResponse`1[MES.Common.DTOs.LoginResponse]]] Login(MES.Common.DTOs.LoginRequest) on controller MES.Api.Controllers.AuthController (MES.Api).
2026-04-14 11:22:44.848 +08:00 [INF] Executed DbCommand (36ms) [Parameters=[@__normalizedUserName_0='?' (Size = 256)], CommandType='"Text"', CommandTimeout='30']
SELECT TOP(1) [a].[Id], [a].[AccessFailedCount], [a].[ConcurrencyStamp], [a].[Email], [a].[EmailConfirmed], [a].[LockoutEnabled], [a].[LockoutEnd], [a].[NormalizedEmail], [a].[NormalizedUserName], [a].[PasswordHash], [a].[PhoneNumber], [a].[PhoneNumberConfirmed], [a].[SecurityStamp], [a].[TwoFactorEnabled], [a].[UserName]
FROM [AspNetUsers] AS [a]
WHERE [a].[NormalizedUserName] = @__normalizedUserName_0
2026-04-14 11:22:44.948 +08:00 [INF] Executed DbCommand (36ms) [Parameters=[@__userId_0='?' (Size = 450)], CommandType='"Text"', CommandTimeout='30']
SELECT [a0].[Name]
FROM [AspNetUserRoles] AS [a]
INNER JOIN [AspNetRoles] AS [a0] ON [a].[RoleId] = [a0].[Id]
WHERE [a].[UserId] = @__userId_0
2026-04-14 11:22:44.953 +08:00 [INF] Executing OkObjectResult, writing value of type 'MES.Common.DTOs.ApiResponse`1[[MES.Common.DTOs.LoginResponse, MES.Common, Version=1.0.0.0, Culture=neutral, PublicKeyToken=null]]'.
2026-04-14 11:22:44.954 +08:00 [INF] Executed action MES.Api.Controllers.AuthController.Login (MES.Api) in 239.0461ms
2026-04-14 11:22:44.958 +08:00 [INF] Executed endpoint 'MES.Api.Controllers.AuthController.Login (MES.Api)'
2026-04-14 11:22:44.967 +08:00 [INF] Request finished HTTP/2 POST https://localhost:5001/api/Auth/login - 200 null application/json; charset=utf-8 275.5642ms
2026-04-14 11:23:08.744 +08:00 [INF] Request starting HTTP/2 POST https://localhost:5001/api/Auth/logout - null 0
2026-04-14 11:23:08.760 +08:00 [INF] CORS policy execution failed.
2026-04-14 11:23:08.761 +08:00 [INF] Request origin https://localhost:5001 does not have permission to access the resource.
2026-04-14 11:23:08.763 +08:00 [INF] Authorization failed. These requirements were not met:
DenyAnonymousAuthorizationRequirement: Requires an authenticated user.
2026-04-14 11:23:08.764 +08:00 [INF] AuthenticationScheme: Bearer was challenged.
2026-04-14 11:23:08.765 +08:00 [INF] Request finished HTTP/2 POST https://localhost:5001/api/Auth/logout - 401 0 null 22.0148ms
2026-04-14 11:35:05.443 +08:00 [INF] Request starting HTTP/2 POST https://localhost:5001/api/Auth/login - application/json 63
2026-04-14 11:35:05.458 +08:00 [INF] CORS policy execution failed.
2026-04-14 11:35:05.461 +08:00 [INF] Request origin https://localhost:5001 does not have permission to access the resource.
2026-04-14 11:35:05.463 +08:00 [INF] Executing endpoint 'MES.Api.Controllers.AuthController.Login (MES.Api)'
2026-04-14 11:35:05.465 +08:00 [INF] Route matched with {action = "Login", controller = "Auth"}. Executing controller action with signature System.Threading.Tasks.Task`1[Microsoft.AspNetCore.Mvc.ActionResult`1[MES.Common.DTOs.ApiResponse`1[MES.Common.DTOs.LoginResponse]]] Login(MES.Common.DTOs.LoginRequest) on controller MES.Api.Controllers.AuthController (MES.Api).
2026-04-14 11:35:05.590 +08:00 [INF] Executed DbCommand (23ms) [Parameters=[@__normalizedUserName_0='?' (Size = 256)], CommandType='"Text"', CommandTimeout='30']
SELECT TOP(1) [a].[Id], [a].[AccessFailedCount], [a].[ConcurrencyStamp], [a].[Email], [a].[EmailConfirmed], [a].[LockoutEnabled], [a].[LockoutEnd], [a].[NormalizedEmail], [a].[NormalizedUserName], [a].[PasswordHash], [a].[PhoneNumber], [a].[PhoneNumberConfirmed], [a].[SecurityStamp], [a].[TwoFactorEnabled], [a].[UserName]
FROM [AspNetUsers] AS [a]
WHERE [a].[NormalizedUserName] = @__normalizedUserName_0
2026-04-14 11:35:05.679 +08:00 [INF] Executed DbCommand (24ms) [Parameters=[@__userId_0='?' (Size = 450)], CommandType='"Text"', CommandTimeout='30']
SELECT [a0].[Name]
FROM [AspNetUserRoles] AS [a]
INNER JOIN [AspNetRoles] AS [a0] ON [a].[RoleId] = [a0].[Id]
WHERE [a].[UserId] = @__userId_0
2026-04-14 11:35:05.685 +08:00 [INF] Executing OkObjectResult, writing value of type 'MES.Common.DTOs.ApiResponse`1[[MES.Common.DTOs.LoginResponse, MES.Common, Version=1.0.0.0, Culture=neutral, PublicKeyToken=null]]'.
2026-04-14 11:35:05.686 +08:00 [INF] Executed action MES.Api.Controllers.AuthController.Login (MES.Api) in 219.0637ms
2026-04-14 11:35:05.699 +08:00 [INF] Executed endpoint 'MES.Api.Controllers.AuthController.Login (MES.Api)'
2026-04-14 11:35:05.700 +08:00 [INF] Request finished HTTP/2 POST https://localhost:5001/api/Auth/login - 200 null application/json; charset=utf-8 258.0766ms
2026-04-14 11:38:06.188 +08:00 [INF] Request starting HTTP/2 POST https://localhost:5001/api/Auth/logout - null 0
2026-04-14 11:38:06.202 +08:00 [INF] CORS policy execution failed.
2026-04-14 11:38:06.202 +08:00 [INF] Request origin https://localhost:5001 does not have permission to access the resource.
2026-04-14 11:38:06.203 +08:00 [INF] Authorization failed. These requirements were not met:
DenyAnonymousAuthorizationRequirement: Requires an authenticated user.
2026-04-14 11:38:06.204 +08:00 [INF] AuthenticationScheme: Bearer was challenged.
2026-04-14 11:38:06.205 +08:00 [INF] Request finished HTTP/2 POST https://localhost:5001/api/Auth/logout - 401 0 null 17.9947ms
2026-04-14 11:38:57.754 +08:00 [INF] Request starting HTTP/2 GET https://localhost:5001/api/Auth/test - null null
2026-04-14 11:38:57.771 +08:00 [INF] Authorization failed. These requirements were not met:
DenyAnonymousAuthorizationRequirement: Requires an authenticated user.
2026-04-14 11:38:57.773 +08:00 [INF] AuthenticationScheme: Bearer was challenged.
2026-04-14 11:38:57.776 +08:00 [INF] Request finished HTTP/2 GET https://localhost:5001/api/Auth/test - 401 0 null 26.0028ms
2026-04-14 11:56:10.634 +08:00 [INF] Request starting HTTP/1.1 OPTIONS http://localhost:5000/api/Auth/login - null null
2026-04-14 11:56:10.652 +08:00 [INF] Request finished HTTP/1.1 OPTIONS http://localhost:5000/api/Auth/login - 307 0 null 18.7734ms
2026-04-14 12:28:22.580 +08:00 [INF] User profile is available. Using 'C:\Users\86139\AppData\Local\ASP.NET\DataProtection-Keys' as key repository and Windows DPAPI to encrypt keys at rest.
2026-04-14 12:28:22.875 +08:00 [INF] Now listening on: https://localhost:5001
2026-04-14 12:28:22.877 +08:00 [INF] Now listening on: http://localhost:5000
2026-04-14 12:28:22.920 +08:00 [INF] Application started. Press Ctrl+C to shut down.
2026-04-14 12:28:22.922 +08:00 [INF] Hosting environment: Development
2026-04-14 12:28:22.924 +08:00 [INF] Content root path: E:\MES项目\MES\MES.Api
2026-04-14 12:28:23.634 +08:00 [INF] Request starting HTTP/2 GET https://localhost:5001/swagger/index.html - null null
2026-04-14 12:28:24.317 +08:00 [INF] Request finished HTTP/2 GET https://localhost:5001/swagger/index.html - 200 null text/html;charset=utf-8 688.3968ms
2026-04-14 12:28:24.329 +08:00 [INF] Request starting HTTP/2 GET https://localhost:5001/_vs/browserLink - null null
2026-04-14 12:28:24.329 +08:00 [INF] Request starting HTTP/2 GET https://localhost:5001/_framework/aspnetcore-browser-refresh.js - null null
2026-04-14 12:28:24.705 +08:00 [INF] Request finished HTTP/2 GET https://localhost:5001/_framework/aspnetcore-browser-refresh.js - 200 16499 application/javascript; charset=utf-8 375.525ms
2026-04-14 12:28:24.773 +08:00 [INF] Request finished HTTP/2 GET https://localhost:5001/_vs/browserLink - 200 null text/javascript; charset=UTF-8 443.0535ms
2026-04-14 12:28:24.819 +08:00 [INF] Request starting HTTP/2 GET https://localhost:5001/swagger/v1/swagger.json - null null
2026-04-14 12:28:24.848 +08:00 [INF] Request finished HTTP/2 GET https://localhost:5001/swagger/v1/swagger.json - 200 null application/json;charset=utf-8 29.2519ms
2026-04-14 12:30:08.984 +08:00 [INF] User profile is available. Using 'C:\Users\86139\AppData\Local\ASP.NET\DataProtection-Keys' as key repository and Windows DPAPI to encrypt keys at rest.
2026-04-14 12:30:09.273 +08:00 [INF] Now listening on: https://localhost:5001
2026-04-14 12:30:09.275 +08:00 [INF] Now listening on: http://localhost:5000
2026-04-14 12:30:09.323 +08:00 [INF] Application started. Press Ctrl+C to shut down.
2026-04-14 12:30:09.325 +08:00 [INF] Hosting environment: Development
2026-04-14 12:30:09.327 +08:00 [INF] Content root path: E:\MES项目\MES\MES.Api
2026-04-14 12:30:10.011 +08:00 [INF] Request starting HTTP/2 GET https://localhost:5001/swagger/index.html - null null
2026-04-14 12:30:10.206 +08:00 [INF] Request finished HTTP/2 GET https://localhost:5001/swagger/index.html - 200 null text/html;charset=utf-8 204.538ms
2026-04-14 12:30:10.237 +08:00 [INF] Request starting HTTP/2 GET https://localhost:5001/_framework/aspnetcore-browser-refresh.js - null null
2026-04-14 12:30:10.239 +08:00 [INF] Request starting HTTP/2 GET https://localhost:5001/_vs/browserLink - null null
2026-04-14 12:30:10.249 +08:00 [INF] Request finished HTTP/2 GET https://localhost:5001/_framework/aspnetcore-browser-refresh.js - 200 16499 application/javascript; charset=utf-8 12.839ms
2026-04-14 12:30:10.298 +08:00 [INF] Request finished HTTP/2 GET https://localhost:5001/_vs/browserLink - 200 null text/javascript; charset=UTF-8 59.6338ms
2026-04-14 12:30:10.333 +08:00 [INF] Request starting HTTP/2 GET https://localhost:5001/swagger/v1/swagger.json - null null
2026-04-14 12:30:10.347 +08:00 [INF] Request finished HTTP/2 GET https://localhost:5001/swagger/v1/swagger.json - 200 null application/json;charset=utf-8 14.7319ms
2026-04-14 12:35:30.880 +08:00 [INF] Now listening on: http://localhost:5000
2026-04-14 12:35:30.909 +08:00 [INF] Application started. Press Ctrl+C to shut down.
2026-04-14 12:35:30.909 +08:00 [INF] Hosting environment: Development
2026-04-14 12:35:30.910 +08:00 [INF] Content root path: e:\MES项目\MES\MES.Api
